2023-08-06 04:11:13.090035 - Initialized conversion of CBT457
2023-08-06 04:11:13.855349 - Received CBT.V505.FILE457.PDS from FILE457.XMI 
2023-08-06 04:11:13.857958 - Found $$$#DATE.txt (text/plain) in CBT.V505.FILE457.PDS, moved to PDS/$$$#DATE
2023-08-06 04:11:13.859036 - Found $$$DOC.txt (text/plain) in CBT.V505.FILE457.PDS, moved to PDS/$$$DOC
2023-08-06 04:11:13.860021 - Found $$$PROCS.jcl (text/plain) in CBT.V505.FILE457.PDS, moved to PDS/$$$PROCS
2023-08-06 04:11:13.861109 - Found #DOC#.txt (text/plain) in CBT.V505.FILE457.PDS, moved to PDS/#DOC#
2023-08-06 04:11:13.862021 - Found #INFO#.txt (text/plain) in CBT.V505.FILE457.PDS, moved to PDS/#INFO#
2023-08-06 04:11:13.862984 - Found @FILE457.txt (text/plain) in CBT.V505.FILE457.PDS, moved to PDS/@FILE457
2023-08-06 04:11:13.864006 - Found BLACKJK.txt (text/plain) in CBT.V505.FILE457.PDS, moved to PDS/BLACKJK
2023-08-06 04:11:13.864900 - Found BLACKJK$.jcl (text/plain) in CBT.V505.FILE457.PDS, moved to PDS/BLACKJK$
2023-08-06 04:11:13.865932 - Found BLACKJKP.txt (text/plain) in CBT.V505.FILE457.PDS, moved to PDS/BLACKJKP
2023-08-06 04:11:13.866892 - Found BLACKJK1.txt (text/plain) in CBT.V505.FILE457.PDS, moved to PDS/BLACKJK1
2023-08-06 04:11:13.867859 - Found BLACKJK2.txt (text/plain) in CBT.V505.FILE457.PDS, moved to PDS/BLACKJK2
2023-08-06 04:11:13.868797 - Found BLACKJK3.txt (text/plain) in CBT.V505.FILE457.PDS, moved to PDS/BLACKJK3
2023-08-06 04:11:13.869859 - Found DECIDER.txt (text/plain) in CBT.V505.FILE457.PDS, moved to PDS/DECIDER
2023-08-06 04:11:13.870802 - Found DECIDER$.jcl (text/plain) in CBT.V505.FILE457.PDS, moved to PDS/DECIDER$
2023-08-06 04:11:13.871804 - Found DIVER.txt (text/plain) in CBT.V505.FILE457.PDS, moved to PDS/DIVER
2023-08-06 04:11:13.872764 - Found DIVER$.jcl (text/plain) in CBT.V505.FILE457.PDS, moved to PDS/DIVER$
2023-08-06 04:11:13.873939 - Found GDDM.txt (text/plain) in CBT.V505.FILE457.PDS, moved to PDS/GDDM
2023-08-06 04:11:13.874827 - Found GDDM$.jcl (text/plain) in CBT.V505.FILE457.PDS, moved to PDS/GDDM$
2023-08-06 04:11:13.875840 - Found JOTTO.txt (text/plain) in CBT.V505.FILE457.PDS, moved to PDS/JOTTO
2023-08-06 04:11:13.876753 - Found JOTTO$.jcl (text/plain) in CBT.V505.FILE457.PDS, moved to PDS/JOTTO$
2023-08-06 04:11:13.877779 - Found KALAH.txt (text/plain) in CBT.V505.FILE457.PDS, moved to PDS/KALAH
2023-08-06 04:11:13.878696 - Found KALAH$.jcl (text/plain) in CBT.V505.FILE457.PDS, moved to PDS/KALAH$
2023-08-06 04:11:13.880022 - Found KLINGON.txt (text/plain) in CBT.V505.FILE457.PDS, moved to PDS/KLINGON
2023-08-06 04:11:13.881009 - Found KLINGON$.jcl (text/plain) in CBT.V505.FILE457.PDS, moved to PDS/KLINGON$
2023-08-06 04:11:13.881978 - Found LIFE.txt (text/plain) in CBT.V505.FILE457.PDS, moved to PDS/LIFE
2023-08-06 04:11:13.882936 - Found LIFE$.jcl (text/plain) in CBT.V505.FILE457.PDS, moved to PDS/LIFE$
2023-08-06 04:11:13.883867 - Found LUNAR.txt (text/plain) in CBT.V505.FILE457.PDS, moved to PDS/LUNAR
2023-08-06 04:11:13.884749 - Found LUNAR$.jcl (text/plain) in CBT.V505.FILE457.PDS, moved to PDS/LUNAR$
2023-08-06 04:11:13.885737 - Found PAJCANIM.txt (text/plain) in CBT.V505.FILE457.PDS, moved to PDS/PAJCANIM
2023-08-06 04:11:13.886651 - Found PAJCBIRD.txt (text/plain) in CBT.V505.FILE457.PDS, moved to PDS/PAJCBIRD
2023-08-06 04:11:13.887592 - Found PAJCGDDM.txt (text/plain) in CBT.V505.FILE457.PDS, moved to PDS/PAJCGDDM
2023-08-06 04:11:13.888641 - Found POKER.txt (text/plain) in CBT.V505.FILE457.PDS, moved to PDS/POKER
2023-08-06 04:11:13.889595 - Found POKER$.jcl (text/plain) in CBT.V505.FILE457.PDS, moved to PDS/POKER$
2023-08-06 04:11:13.890514 - Found SEIKO.txt (text/plain) in CBT.V505.FILE457.PDS, moved to PDS/SEIKO
2023-08-06 04:11:13.891366 - Found SEIKO$.jcl (text/plain) in CBT.V505.FILE457.PDS, moved to PDS/SEIKO$
2023-08-06 04:11:13.892208 - Found SEIKOH.txt (text/plain) in CBT.V505.FILE457.PDS, moved to PDS/SEIKOH
2023-08-06 04:11:13.893157 - Found SNAKE.txt (text/plain) in CBT.V505.FILE457.PDS, moved to PDS/SNAKE
2023-08-06 04:11:13.894139 - Found SNAKE$.jcl (text/plain) in CBT.V505.FILE457.PDS, moved to PDS/SNAKE$
2023-08-06 04:11:13.895088 - Found SNAKE@.txt (text/plain) in CBT.V505.FILE457.PDS, moved to PDS/SNAKE@
2023-08-06 04:11:13.896060 - Found STREK.txt (text/plain) in CBT.V505.FILE457.PDS, moved to PDS/STREK
2023-08-06 04:11:13.897001 - Found STREK$.jcl (text/plain) in CBT.V505.FILE457.PDS, moved to PDS/STREK$
2023-08-06 04:11:13.898064 - Found T3270FS.txt (text/plain) in CBT.V505.FILE457.PDS, moved to PDS/T3270FS
2023-08-06 04:11:13.898947 - Found T3270FS$.jcl (text/plain) in CBT.V505.FILE457.PDS, moved to PDS/T3270FS$
2023-08-06 04:11:13.899938 - Found WORM.txt (text/plain) in CBT.V505.FILE457.PDS, moved to PDS/WORM
2023-08-06 04:11:13.900847 - Found WORM$.jcl (text/plain) in CBT.V505.FILE457.PDS, moved to PDS/WORM$
2023-08-06 04:11:13.901904 - Found WORM@.txt (text/plain) in CBT.V505.FILE457.PDS, moved to PDS/WORM@
